<html>
<body>
<pre>
<h1>Vision Build Log</h1>
<h2>Project:</h2>
E:\Programfiles\MIC\51\超速报警\超速报警.uvproj
Project File Date:  05/22/2016

<h2>Output:</h2>
compiling DS1302.C...
DS1302.C(165): warning C206: 'UART_Send_Str': missing function-prototype
DS1302.C(165): error C267: 'UART_Send_Str': requires ANSI-style prototype
DS1302.C - 1 Error(s), 1 Warning(s).
compiling DS1302.C...
DS1302.C(131): warning C206: 'LCD12864_Send_TIME': missing function-prototype
DS1302.C(131): error C267: 'LCD12864_Send_TIME': requires ANSI-style prototype
DS1302.C(144): error C231: 'LCD12864_Send_TIME': redefinition
DS1302.C(179): error C231: 'LCD12864_Send_TIME': redefinition
DS1302.C - 3 Error(s), 1 Warning(s).
compiling DS1302.C...
DS1302.C - 0 Error(s), 0 Warning(s).
Build target 'Target 1'
compiling main.c...
MAIN.C(41): error C202: 'DS1302ISREADY': undefined identifier
compiling UltraSound.c...
Target not created
Build target 'Target 1'
compiling main.c...
MAIN.C(49): warning C206: 'DS1302Init': missing function-prototype
MAIN.C(49): error C267: 'DS1302Init': requires ANSI-style prototype
compiling Timer.c...
TIMER.C(61): error C202: 'T0times2': undefined identifier
TIMER.C(63): error C202: 'T0times2': undefined identifier
TIMER.C(67): error C202: 'T0times2': undefined identifier
compiling UltraSound.c...
Target not created
Build target 'Target 1'
compiling main.c...
MAIN.C(47): warning C206: 'DS1302Init': missing function-prototype
MAIN.C(47): error C267: 'DS1302Init': requires ANSI-style prototype
compiling Timer.c...
Target not created
compiling main.c...
main.c - 0 Error(s), 0 Warning(s).
Build target 'Target 1'
linking...
*** ERROR L104: MULTIPLE PUBLIC DEFINITIONS
    SYMBOL:  PORT_MODE
    MODULE:  DS1302.obj (DS1302)
*** WARNING L16: UNCALLED SEGMENT, IGNORED FOR OVERLAY PROCESS
    SEGMENT: ?PR?UARTINIT?UART
*** WARNING L16: UNCALLED SEGMENT, IGNORED FOR OVERLAY PROCESS
    SEGMENT: ?PR?_SENDSTRING?UART
*** WARNING L16: UNCALLED SEGMENT, IGNORED FOR OVERLAY PROCESS
    SEGMENT: ?PR?DELAY100MS?DELAY
*** WARNING L16: UNCALLED SEGMENT, IGNORED FOR OVERLAY PROCESS
    SEGMENT: ?PR?DELAY2MS?DELAY
*** WARNING L16: UNCALLED SEGMENT, IGNORED FOR OVERLAY PROCESS
    SEGMENT: ?PR?DELAY20MS?DELAY
*** WARNING L16: UNCALLED SEGMENT, IGNORED FOR OVERLAY PROCESS
    SEGMENT: ?PR?DELAY10MS?DELAY
*** WARNING L16: UNCALLED SEGMENT, IGNORED FOR OVERLAY PROCESS
    SEGMENT: ?PR?DELAY2US?DELAY
*** WARNING L16: UNCALLED SEGMENT, IGNORED FOR OVERLAY PROCESS
    SEGMENT: ?PR?TIMER4INIT?TIMER
*** WARNING L16: UNCALLED SEGMENT, IGNORED FOR OVERLAY PROCESS
    SEGMENT: ?PR?ENABLETIMER4?TIMER
*** WARNING L16: UNCALLED SEGMENT, IGNORED FOR OVERLAY PROCESS
    SEGMENT: ?PR?DISABLETIMER4?TIMER
*** WARNING L16: UNCALLED SEGMENT, IGNORED FOR OVERLAY PROCESS
    SEGMENT: ?PR?_LONG_STR?MYFUN
*** WARNING L16: UNCALLED SEGMENT, IGNORED FOR OVERLAY PROCESS
    SEGMENT: ?PR?READ_TIME?DS1302
*** WARNING L16: UNCALLED SEGMENT, IGNORED FOR OVERLAY PROCESS
    SEGMENT: ?PR?DELAY_1S?DS1302
*** WARNING L16: UNCALLED SEGMENT, IGNORED FOR OVERLAY PROCESS
    SEGMENT: ?PR?PORT_MODE?DS1302
Program Size: data=9.1 xdata=136 code=4663
Target not created
Build target 'Target 1'
compiling main.c...
compiling Timer.c...
linking...
*** ERROR L104: MULTIPLE PUBLIC DEFINITIONS
    SYMBOL:  PORT_MODE
    MODULE:  DS1302.obj (DS1302)
*** WARNING L16: UNCALLED SEGMENT, IGNORED FOR OVERLAY PROCESS
    SEGMENT: ?PR?UARTINIT?UART
*** WARNING L16: UNCALLED SEGMENT, IGNORED FOR OVERLAY PROCESS
    SEGMENT: ?PR?_SENDSTRING?UART
*** WARNING L16: UNCALLED SEGMENT, IGNORED FOR OVERLAY PROCESS
    SEGMENT: ?PR?DELAY100MS?DELAY
*** WARNING L16: UNCALLED SEGMENT, IGNORED FOR OVERLAY PROCESS
    SEGMENT: ?PR?DELAY2MS?DELAY
*** WARNING L16: UNCALLED SEGMENT, IGNORED FOR OVERLAY PROCESS
    SEGMENT: ?PR?DELAY20MS?DELAY
*** WARNING L16: UNCALLED SEGMENT, IGNORED FOR OVERLAY PROCESS
    SEGMENT: ?PR?DELAY10MS?DELAY
*** WARNING L16: UNCALLED SEGMENT, IGNORED FOR OVERLAY PROCESS
    SEGMENT: ?PR?DELAY2US?DELAY
*** WARNING L16: UNCALLED SEGMENT, IGNORED FOR OVERLAY PROCESS
    SEGMENT: ?PR?TIMER4INIT?TIMER
*** WARNING L16: UNCALLED SEGMENT, IGNORED FOR OVERLAY PROCESS
    SEGMENT: ?PR?ENABLETIMER4?TIMER
*** WARNING L16: UNCALLED SEGMENT, IGNORED FOR OVERLAY PROCESS
    SEGMENT: ?PR?DISABLETIMER4?TIMER
*** WARNING L16: UNCALLED SEGMENT, IGNORED FOR OVERLAY PROCESS
    SEGMENT: ?PR?_LONG_STR?MYFUN
*** WARNING L16: UNCALLED SEGMENT, IGNORED FOR OVERLAY PROCESS
    SEGMENT: ?PR?READ_TIME?DS1302
*** WARNING L16: UNCALLED SEGMENT, IGNORED FOR OVERLAY PROCESS
    SEGMENT: ?PR?DELAY_1S?DS1302
*** WARNING L16: UNCALLED SEGMENT, IGNORED FOR OVERLAY PROCESS
    SEGMENT: ?PR?PORT_MODE?DS1302
Program Size: data=9.1 xdata=136 code=4629
Target not created
